<?xml version="1.0" encoding="UTF-8"?>
<!-- Generated by org.testng.reporters.JUnitXMLReporter -->
<testsuite hostname="DESKTOP-64TC86O" name="Regression suite 1" tests="6" failures="0" timestamp="12 Apr 2017 04:21:22 GMT" time="0.097" errors="0">
  <testcase name="firstTestCase" time="0.021" classname="ExecuteWithPackage.DemoOne"/>
  <testcase name="secondTestCase" time="0.004" classname="ExecuteWithPackage.DemoOne"/>
  <testcase name="firstTestCase" time="0.005" classname="ExecuteWithPackage.DemoTwo"/>
  <testcase name="secondTestCase" time="0.005" classname="ExecuteWithPackage.DemoTwo"/>
  <testcase name="firstTestCase" time="0.005" classname="ExecuteWithPackage.DemoThree"/>
  <testcase name="secondTestCase" time="0.005" classname="ExecuteWithPackage.DemoThree"/>
</testsuite> <!-- Regression suite 1 -->
