<?xml version="1.0" encoding="UTF-8"?>
<!-- Generated by org.testng.reporters.JUnitXMLReporter -->
<testsuite hostname="DESKTOP-1OKRSCD" name="testing" tests="3" failures="0" timestamp="22 Nov 2017 03:57:15 GMT" time="0.032" errors="0">
  <testcase name="testCaseFour" time="0.016" classname="ExecuteWithGroup.GroupExamples"/>
  <testcase name="testCaseOne" time="0.0" classname="ExecuteWithGroup.GroupExamples"/>
  <testcase name="testCaseTwo" time="0.016" classname="ExecuteWithGroup.GroupExamples"/>
</testsuite> <!-- testing -->
