<?xml version="1.0" encoding="UTF-8"?>
<testng-results skipped="0" failed="0" total="2" passed="2">
  <reporter-output>
  </reporter-output>
  <suite name="Default suite" duration-ms="66" started-at="2020-05-13T05:01:56Z" finished-at="2020-05-13T05:01:56Z">
    <groups>
    </groups>
    <test name="Default test" duration-ms="66" started-at="2020-05-13T05:01:56Z" finished-at="2020-05-13T05:01:56Z">
      <class name="parameterization.TestParameters">
        <test-method status="PASS" signature="testCaseOne(java.lang.String)[pri:0, instance:parameterization.TestParameters@2c9f9fb0]" name="testCaseOne" duration-ms="31" started-at="2020-05-13T10:31:56Z" finished-at="2020-05-13T10:31:56Z">
          <params>
            <param index="0">
              <value>
                <![CDATA[param-val-not-found]]>
              </value>
            </param>
          </params>
          <reporter-output>
          </reporter-output>
        </test-method> <!-- testCaseOne -->
        <test-method status="PASS" signature="testCaseTwo(java.lang.String, java.lang.String)[pri:0, instance:parameterization.TestParameters@2c9f9fb0]" name="testCaseTwo" duration-ms="5" started-at="2020-05-13T10:31:56Z" finished-at="2020-05-13T10:31:56Z">
          <params>
            <param index="0">
              <value>
                <![CDATA[param-val-not-found]]>
              </value>
            </param>
            <param index="1">
              <value>
                <![CDATA[param-val-not-found]]>
              </value>
            </param>
          </params>
          <reporter-output>
          </reporter-output>
        </test-method> <!-- testCaseTwo -->
      </class> <!-- parameterization.TestParameters -->
    </test> <!-- Default test -->
  </suite> <!-- Default suite -->
</testng-results>
